<?xml version="1.0" encoding="UTF-8"?>
<testng-results ignored="0" total="9" passed="9" failed="0" skipped="0">
  <reporter-output>
  </reporter-output>
  <suite started-at="2020-08-31T00:50:37 GMT-05:00" name="Suite" finished-at="2020-08-31T00:52:05 GMT-05:00" duration-ms="87858">
    <groups>
    </groups>
    <test started-at="2020-08-31T00:50:37 GMT-05:00" name="Test" finished-at="2020-08-31T00:52:05 GMT-05:00" duration-ms="87858">
      <class name="Project_LMS.Task9">
        <test-method is-config="true" signature="beforeClass()[pri:0, instance:Project_LMS.Task9@44ebcd03]" started-at="2020-08-31T00:51:55 GMT-05:00" name="beforeClass" finished-at="2020-08-31T00:52:02 GMT-05:00" duration-ms="6972" status="PASS">
          <reporter-output>
          </reporter-output>
        </test-method> <!-- beforeClass -->
        <test-method signature="testMethod()[pri:0, instance:Project_LMS.Task9@44ebcd03]" started-at="2020-08-31T00:52:02 GMT-05:00" name="testMethod" finished-at="2020-08-31T00:52:05 GMT-05:00" duration-ms="2105" status="PASS">
          <reporter-output>
          </reporter-output>
        </test-method> <!-- testMethod -->
        <test-method is-config="true" signature="afterClass()[pri:0, instance:Project_LMS.Task9@44ebcd03]" started-at="2020-08-31T00:52:05 GMT-05:00" name="afterClass" finished-at="2020-08-31T00:52:05 GMT-05:00" duration-ms="387" status="PASS">
          <reporter-output>
          </reporter-output>
        </test-method> <!-- afterClass -->
      </class> <!-- Project_LMS.Task9 -->
      <class name="Project_LMS.Task7">
        <test-method is-config="true" signature="beforeClass()[pri:0, instance:Project_LMS.Task7@5af3afd9]" started-at="2020-08-31T00:51:39 GMT-05:00" name="beforeClass" finished-at="2020-08-31T00:51:44 GMT-05:00" duration-ms="5664" status="PASS">
          <reporter-output>
          </reporter-output>
        </test-method> <!-- beforeClass -->
        <test-method signature="testMethod()[pri:0, instance:Project_LMS.Task7@5af3afd9]" started-at="2020-08-31T00:51:44 GMT-05:00" name="testMethod" finished-at="2020-08-31T00:51:45 GMT-05:00" duration-ms="854" status="PASS">
          <reporter-output>
          </reporter-output>
        </test-method> <!-- testMethod -->
        <test-method is-config="true" signature="afterClass()[pri:0, instance:Project_LMS.Task7@5af3afd9]" started-at="2020-08-31T00:51:45 GMT-05:00" name="afterClass" finished-at="2020-08-31T00:51:46 GMT-05:00" duration-ms="304" status="PASS">
          <reporter-output>
          </reporter-output>
        </test-method> <!-- afterClass -->
      </class> <!-- Project_LMS.Task7 -->
      <class name="Project_LMS.Task8">
        <test-method is-config="true" signature="beforeClass()[pri:0, instance:Project_LMS.Task8@323b36e0]" started-at="2020-08-31T00:51:46 GMT-05:00" name="beforeClass" finished-at="2020-08-31T00:51:52 GMT-05:00" duration-ms="6074" status="PASS">
          <reporter-output>
          </reporter-output>
        </test-method> <!-- beforeClass -->
        <test-method signature="testMethod()[pri:0, instance:Project_LMS.Task8@323b36e0]" started-at="2020-08-31T00:51:52 GMT-05:00" name="testMethod" finished-at="2020-08-31T00:51:55 GMT-05:00" duration-ms="3484" status="PASS">
          <reporter-output>
          </reporter-output>
        </test-method> <!-- testMethod -->
        <test-method is-config="true" signature="afterClass()[pri:0, instance:Project_LMS.Task8@323b36e0]" started-at="2020-08-31T00:51:55 GMT-05:00" name="afterClass" finished-at="2020-08-31T00:51:55 GMT-05:00" duration-ms="336" status="PASS">
          <reporter-output>
          </reporter-output>
        </test-method> <!-- afterClass -->
      </class> <!-- Project_LMS.Task8 -->
      <class name="Project_LMS.Task5">
        <test-method is-config="true" signature="beforeClass()[pri:0, instance:Project_LMS.Task5@3bb9a3ff]" started-at="2020-08-31T00:51:22 GMT-05:00" name="beforeClass" finished-at="2020-08-31T00:51:27 GMT-05:00" duration-ms="5115" status="PASS">
          <reporter-output>
          </reporter-output>
        </test-method> <!-- beforeClass -->
        <test-method signature="testMethod()[pri:0, instance:Project_LMS.Task5@3bb9a3ff]" started-at="2020-08-31T00:51:27 GMT-05:00" name="testMethod" finished-at="2020-08-31T00:51:29 GMT-05:00" duration-ms="1835" status="PASS">
          <reporter-output>
          </reporter-output>
        </test-method> <!-- testMethod -->
        <test-method is-config="true" signature="afterClass()[pri:0, instance:Project_LMS.Task5@3bb9a3ff]" started-at="2020-08-31T00:51:29 GMT-05:00" name="afterClass" finished-at="2020-08-31T00:51:29 GMT-05:00" duration-ms="446" status="PASS">
          <reporter-output>
          </reporter-output>
        </test-method> <!-- afterClass -->
      </class> <!-- Project_LMS.Task5 -->
      <class name="Project_LMS.Task6">
        <test-method is-config="true" signature="beforeClass()[pri:0, instance:Project_LMS.Task6@661972b0]" started-at="2020-08-31T00:51:29 GMT-05:00" name="beforeClass" finished-at="2020-08-31T00:51:35 GMT-05:00" duration-ms="5408" status="PASS">
          <reporter-output>
          </reporter-output>
        </test-method> <!-- beforeClass -->
        <test-method signature="testMethod(java.lang.String, java.lang.String)[pri:0, instance:Project_LMS.Task6@661972b0]" started-at="2020-08-31T00:51:35 GMT-05:00" name="testMethod" finished-at="2020-08-31T00:51:38 GMT-05:00" duration-ms="3504" status="PASS">
          <params>
            <param index="0">
              <value>
                <![CDATA[root]]>
              </value>
            </param>
            <param index="1">
              <value>
                <![CDATA[pa$$w0rd]]>
              </value>
            </param>
          </params>
          <reporter-output>
          </reporter-output>
        </test-method> <!-- testMethod -->
        <test-method is-config="true" signature="afterClass()[pri:0, instance:Project_LMS.Task6@661972b0]" started-at="2020-08-31T00:51:38 GMT-05:00" name="afterClass" finished-at="2020-08-31T00:51:39 GMT-05:00" duration-ms="308" status="PASS">
          <reporter-output>
          </reporter-output>
        </test-method> <!-- afterClass -->
      </class> <!-- Project_LMS.Task6 -->
      <class name="Project_LMS.Task3">
        <test-method is-config="true" signature="beforeClass()[pri:0, instance:Project_LMS.Task3@47af7f3d]" started-at="2020-08-31T00:51:10 GMT-05:00" name="beforeClass" finished-at="2020-08-31T00:51:16 GMT-05:00" duration-ms="6260" status="PASS">
          <reporter-output>
          </reporter-output>
        </test-method> <!-- beforeClass -->
        <test-method signature="testMethod()[pri:0, instance:Project_LMS.Task3@47af7f3d]" started-at="2020-08-31T00:51:16 GMT-05:00" name="testMethod" finished-at="2020-08-31T00:51:16 GMT-05:00" duration-ms="96" status="PASS">
          <reporter-output>
          </reporter-output>
        </test-method> <!-- testMethod -->
        <test-method is-config="true" signature="afterClass()[pri:0, instance:Project_LMS.Task3@47af7f3d]" started-at="2020-08-31T00:51:16 GMT-05:00" name="afterClass" finished-at="2020-08-31T00:51:16 GMT-05:00" duration-ms="264" status="PASS">
          <reporter-output>
          </reporter-output>
        </test-method> <!-- afterClass -->
      </class> <!-- Project_LMS.Task3 -->
      <class name="Project_LMS.Task4">
        <test-method is-config="true" signature="beforeClass()[pri:0, instance:Project_LMS.Task4@7c729a55]" started-at="2020-08-31T00:51:16 GMT-05:00" name="beforeClass" finished-at="2020-08-31T00:51:22 GMT-05:00" duration-ms="5408" status="PASS">
          <reporter-output>
          </reporter-output>
        </test-method> <!-- beforeClass -->
        <test-method signature="testMethod()[pri:0, instance:Project_LMS.Task4@7c729a55]" started-at="2020-08-31T00:51:22 GMT-05:00" name="testMethod" finished-at="2020-08-31T00:51:22 GMT-05:00" duration-ms="95" status="PASS">
          <reporter-output>
          </reporter-output>
        </test-method> <!-- testMethod -->
        <test-method is-config="true" signature="afterClass()[pri:0, instance:Project_LMS.Task4@7c729a55]" started-at="2020-08-31T00:51:22 GMT-05:00" name="afterClass" finished-at="2020-08-31T00:51:22 GMT-05:00" duration-ms="268" status="PASS">
          <reporter-output>
          </reporter-output>
        </test-method> <!-- afterClass -->
      </class> <!-- Project_LMS.Task4 -->
      <class name="Project_LMS.Task1">
        <test-method is-config="true" signature="beforeClass()[pri:0, instance:Project_LMS.Task1@158da8e]" started-at="2020-08-31T00:50:37 GMT-05:00" name="beforeClass" finished-at="2020-08-31T00:50:52 GMT-05:00" duration-ms="14552" status="PASS">
          <reporter-output>
          </reporter-output>
        </test-method> <!-- beforeClass -->
        <test-method signature="testMethod()[pri:0, instance:Project_LMS.Task1@158da8e]" started-at="2020-08-31T00:50:52 GMT-05:00" name="testMethod" finished-at="2020-08-31T00:50:52 GMT-05:00" duration-ms="28" status="PASS">
          <reporter-output>
          </reporter-output>
        </test-method> <!-- testMethod -->
        <test-method is-config="true" signature="afterClass()[pri:0, instance:Project_LMS.Task1@158da8e]" started-at="2020-08-31T00:50:52 GMT-05:00" name="afterClass" finished-at="2020-08-31T00:50:52 GMT-05:00" duration-ms="256" status="PASS">
          <reporter-output>
          </reporter-output>
        </test-method> <!-- afterClass -->
      </class> <!-- Project_LMS.Task1 -->
      <class name="Project_LMS.Task2">
        <test-method is-config="true" signature="beforeClass()[pri:0, instance:Project_LMS.Task2@74e52303]" started-at="2020-08-31T00:50:52 GMT-05:00" name="beforeClass" finished-at="2020-08-31T00:51:05 GMT-05:00" duration-ms="13416" status="PASS">
          <reporter-output>
          </reporter-output>
        </test-method> <!-- beforeClass -->
        <test-method signature="testMethod()[pri:0, instance:Project_LMS.Task2@74e52303]" started-at="2020-08-31T00:51:05 GMT-05:00" name="testMethod" finished-at="2020-08-31T00:51:05 GMT-05:00" duration-ms="99" status="PASS">
          <reporter-output>
          </reporter-output>
        </test-method> <!-- testMethod -->
        <test-method is-config="true" signature="afterClass()[pri:0, instance:Project_LMS.Task2@74e52303]" started-at="2020-08-31T00:51:05 GMT-05:00" name="afterClass" finished-at="2020-08-31T00:51:10 GMT-05:00" duration-ms="4223" status="PASS">
          <reporter-output>
          </reporter-output>
        </test-method> <!-- afterClass -->
      </class> <!-- Project_LMS.Task2 -->
    </test> <!-- Test -->
  </suite> <!-- Suite -->
</testng-results>
